<?xml version="1.0" encoding="UTF-8"?>
<!-- Generated by org.testng.reporters.JUnitReportReporter -->
<testsuite skipped="0" hostname="LAPTOP-393U3CRU" name="TestNGAutomation.AutomationAnywhereAppValidation" tests="2" failures="0" timestamp="2024-03-01T09:55:14 IST" time="40.445" errors="0">
  <testcase name="LogoValidationTest" time="7.423" classname="TestNGAutomation.AutomationAnywhereAppValidation"/>
  <system-out/>
  <testcase name="AutomationAnywhereAppPageValidation" time="33.022" classname="TestNGAutomation.AutomationAnywhereAppValidation"/>
  <system-out/>
</testsuite> <!-- TestNGAutomation.AutomationAnywhereAppValidation -->
